  MyFramework.cpp
C:\Projects\Arcanoid\Arcanoid_Cpp\Game\Game\GameObj.h(54,10): warning C4244: =: преобразование "int" в "float", возможна потеря данных
C:\Projects\Arcanoid\Arcanoid_Cpp\Game\Game\GameObj.h(55,10): warning C4244: =: преобразование "int" в "float", возможна потеря данных
C:\Projects\Arcanoid\Arcanoid_Cpp\Game\Game\GameObj.h(56,21): warning C4244: =: преобразование "double" в "float", возможна потеря данных
C:\Projects\Arcanoid\Arcanoid_Cpp\Game\Game\GameObj.h(57,21): warning C4244: =: преобразование "double" в "float", возможна потеря данных
C:\Projects\Arcanoid\Arcanoid_Cpp\Game\Game\Brick.h(11,10): warning C4244: =: преобразование "int" в "float", возможна потеря данных
C:\Projects\Arcanoid\Arcanoid_Cpp\Game\Game\Brick.h(12,10): warning C4244: =: преобразование "int" в "float", возможна потеря данных
C:\Projects\Arcanoid\Arcanoid_Cpp\Game\Game\Utils.h(45,2): warning C4091: static : пропускается слева от "Utils", когда ни одна переменная не объявлена
C:\Projects\Arcanoid\Arcanoid_Cpp\Game\Game\ShieldObj.h(10,10): warning C4244: =: преобразование "int" в "float", возможна потеря данных
C:\Projects\Arcanoid\Arcanoid_Cpp\Game\Game\ShieldObj.h(11,10): warning C4244: =: преобразование "int" в "float", возможна потеря данных
C:\Projects\Arcanoid\Arcanoid_Cpp\Game\Game\MyFramework.cpp(102,74): warning C4244: аргумент: преобразование "float" в "int", возможна потеря данных
C:\Projects\Arcanoid\Arcanoid_Cpp\Game\Game\MyFramework.cpp(102,53): warning C4244: аргумент: преобразование "float" в "int", возможна потеря данных
C:\Projects\Arcanoid\Arcanoid_Cpp\Game\Game\MyFramework.cpp(104,109): warning C4244: аргумент: преобразование "float" в "int", возможна потеря данных
C:\Projects\Arcanoid\Arcanoid_Cpp\Game\Game\MyFramework.cpp(104,72): warning C4244: аргумент: преобразование "float" в "int", возможна потеря данных
C:\Projects\Arcanoid\Arcanoid_Cpp\Game\Game\MyFramework.cpp(105,113): warning C4244: аргумент: преобразование "float" в "int", возможна потеря данных
C:\Projects\Arcanoid\Arcanoid_Cpp\Game\Game\MyFramework.cpp(105,74): warning C4244: аргумент: преобразование "float" в "int", возможна потеря данных
C:\Projects\Arcanoid\Arcanoid_Cpp\Game\Game\MyFramework.cpp(106,115): warning C4244: аргумент: преобразование "float" в "int", возможна потеря данных
C:\Projects\Arcanoid\Arcanoid_Cpp\Game\Game\MyFramework.cpp(106,75): warning C4244: аргумент: преобразование "float" в "int", возможна потеря данных
C:\Projects\Arcanoid\Arcanoid_Cpp\Game\Game\MyFramework.cpp(107,113): warning C4244: аргумент: преобразование "float" в "int", возможна потеря данных
C:\Projects\Arcanoid\Arcanoid_Cpp\Game\Game\MyFramework.cpp(107,74): warning C4244: аргумент: преобразование "float" в "int", возможна потеря данных
C:\Projects\Arcanoid\Arcanoid_Cpp\Game\Game\MyFramework.cpp(153,38): warning C4244: аргумент: преобразование "float" в "int", возможна потеря данных
C:\Projects\Arcanoid\Arcanoid_Cpp\Game\Game\MyFramework.cpp(158,54): warning C4244: аргумент: преобразование "float" в "int", возможна потеря данных
C:\Projects\Arcanoid\Arcanoid_Cpp\Game\Game\MyFramework.cpp(158,39): warning C4244: аргумент: преобразование "float" в "int", возможна потеря данных
C:\Projects\Arcanoid\Arcanoid_Cpp\Game\Game\MyFramework.cpp(160,88): warning C4244: аргумент: преобразование "float" в "int", возможна потеря данных
C:\Projects\Arcanoid\Arcanoid_Cpp\Game\Game\MyFramework.cpp(160,57): warning C4244: аргумент: преобразование "float" в "int", возможна потеря данных
C:\Projects\Arcanoid\Arcanoid_Cpp\Game\Game\MyFramework.cpp(161,92): warning C4244: аргумент: преобразование "float" в "int", возможна потеря данных
C:\Projects\Arcanoid\Arcanoid_Cpp\Game\Game\MyFramework.cpp(161,59): warning C4244: аргумент: преобразование "float" в "int", возможна потеря данных
C:\Projects\Arcanoid\Arcanoid_Cpp\Game\Game\MyFramework.cpp(162,94): warning C4244: аргумент: преобразование "float" в "int", возможна потеря данных
C:\Projects\Arcanoid\Arcanoid_Cpp\Game\Game\MyFramework.cpp(162,60): warning C4244: аргумент: преобразование "float" в "int", возможна потеря данных
C:\Projects\Arcanoid\Arcanoid_Cpp\Game\Game\MyFramework.cpp(163,92): warning C4244: аргумент: преобразование "float" в "int", возможна потеря данных
C:\Projects\Arcanoid\Arcanoid_Cpp\Game\Game\MyFramework.cpp(163,59): warning C4244: аргумент: преобразование "float" в "int", возможна потеря данных
C:\Projects\Arcanoid\Arcanoid_Cpp\Game\Game\MyFramework.cpp(205,52): warning C4244: аргумент: преобразование "float" в "int", возможна потеря данных
C:\Projects\Arcanoid\Arcanoid_Cpp\Game\Game\MyFramework.cpp(205,34): warning C4244: аргумент: преобразование "float" в "int", возможна потеря данных
C:\Projects\Arcanoid\Arcanoid_Cpp\Game\Game\MyFramework.cpp(210,42): warning C4244: аргумент: преобразование "float" в "int", возможна потеря данных
C:\Projects\Arcanoid\Arcanoid_Cpp\Game\Game\MyFramework.cpp(210,31): warning C4244: аргумент: преобразование "float" в "int", возможна потеря данных
C:\Projects\Arcanoid\Arcanoid_Cpp\Game\Game\MyFramework.cpp(212,76): warning C4244: аргумент: преобразование "float" в "int", возможна потеря данных
C:\Projects\Arcanoid\Arcanoid_Cpp\Game\Game\MyFramework.cpp(212,49): warning C4244: аргумент: преобразование "float" в "int", возможна потеря данных
C:\Projects\Arcanoid\Arcanoid_Cpp\Game\Game\MyFramework.cpp(213,80): warning C4244: аргумент: преобразование "float" в "int", возможна потеря данных
C:\Projects\Arcanoid\Arcanoid_Cpp\Game\Game\MyFramework.cpp(213,51): warning C4244: аргумент: преобразование "float" в "int", возможна потеря данных
C:\Projects\Arcanoid\Arcanoid_Cpp\Game\Game\MyFramework.cpp(214,82): warning C4244: аргумент: преобразование "float" в "int", возможна потеря данных
C:\Projects\Arcanoid\Arcanoid_Cpp\Game\Game\MyFramework.cpp(214,52): warning C4244: аргумент: преобразование "float" в "int", возможна потеря данных
C:\Projects\Arcanoid\Arcanoid_Cpp\Game\Game\MyFramework.cpp(215,80): warning C4244: аргумент: преобразование "float" в "int", возможна потеря данных
C:\Projects\Arcanoid\Arcanoid_Cpp\Game\Game\MyFramework.cpp(215,51): warning C4244: аргумент: преобразование "float" в "int", возможна потеря данных
C:\Projects\Arcanoid\Arcanoid_Cpp\Game\Game\MyFramework.cpp(226,60): warning C4244: аргумент: преобразование "float" в "int", возможна потеря данных
C:\Projects\Arcanoid\Arcanoid_Cpp\Game\Game\MyFramework.cpp(226,36): warning C4244: аргумент: преобразование "float" в "int", возможна потеря данных
C:\Projects\Arcanoid\Arcanoid_Cpp\Game\Game\MyFramework.cpp(422,58): warning C4244: аргумент: преобразование "float" в "int", возможна потеря данных
C:\Projects\Arcanoid\Arcanoid_Cpp\Game\Game\MyFramework.cpp(422,42): warning C4244: аргумент: преобразование "float" в "int", возможна потеря данных
  Game.vcxproj -> C:\Projects\Arcanoid\Arcanoid_Cpp\Game\x64\Debug\Game.exe
