c:\projects\arcanoid\arcanoid_cpp\game\game\x64\debug\vc142.pdb
c:\projects\arcanoid\arcanoid_cpp\game\game\x64\debug\vc142.idb
c:\projects\arcanoid\arcanoid_cpp\game\game\x64\debug\utils.obj
c:\projects\arcanoid\arcanoid_cpp\game\game\x64\debug\shieldbonus.obj
c:\projects\arcanoid\arcanoid_cpp\game\game\x64\debug\gameobj.obj
c:\projects\arcanoid\arcanoid_cpp\game\game\x64\debug\platform.obj
c:\projects\arcanoid\arcanoid_cpp\game\game\x64\debug\gamestate.obj
c:\projects\arcanoid\arcanoid_cpp\game\game\x64\debug\game.obj
c:\projects\arcanoid\arcanoid_cpp\game\game\x64\debug\enumside.obj
c:\projects\arcanoid\arcanoid_cpp\game\game\x64\debug\bounceresult.obj
c:\projects\arcanoid\arcanoid_cpp\game\game\x64\debug\ball.obj
c:\projects\arcanoid\arcanoid_cpp\game\game\x64\debug\shieldobj.obj
c:\projects\arcanoid\arcanoid_cpp\game\game\x64\debug\brick.obj
c:\projects\arcanoid\arcanoid_cpp\game\game\x64\debug\myframework.obj
c:\projects\arcanoid\arcanoid_cpp\game\game\x64\debug\bombobj.obj
c:\projects\arcanoid\arcanoid_cpp\game\game\x64\debug\game.ilk
c:\projects\arcanoid\arcanoid_cpp\game\x64\debug\game.pdb
c:\projects\arcanoid\arcanoid_cpp\game\x64\debug\game.exe
c:\projects\arcanoid\arcanoid_cpp\game\game\x64\debug\game.tlog\cl.command.1.tlog
c:\projects\arcanoid\arcanoid_cpp\game\game\x64\debug\game.tlog\cl.read.1.tlog
c:\projects\arcanoid\arcanoid_cpp\game\game\x64\debug\game.tlog\cl.write.1.tlog
c:\projects\arcanoid\arcanoid_cpp\game\game\x64\debug\game.tlog\link.command.1.tlog
c:\projects\arcanoid\arcanoid_cpp\game\game\x64\debug\game.tlog\link.read.1.tlog
c:\projects\arcanoid\arcanoid_cpp\game\game\x64\debug\game.tlog\link.write.1.tlog
